<?xml version="1.0" encoding="UTF-8"?>
<testng-results total="2" passed="2" failed="0" skipped="0">
  <reporter-output>
  </reporter-output>
  <suite started-at="2024-03-08T14:14:29Z" name="Default suite" finished-at="2024-03-08T14:14:29Z" duration-ms="27">
    <groups>
    </groups>
    <test started-at="2024-03-08T14:14:29Z" name="Default test" finished-at="2024-03-08T14:14:29Z" duration-ms="27">
      <class name="testngExamples.Exp_Testng">
        <test-method is-config="true" signature="login()[pri:0, instance:testngExamples.Exp_Testng@45d2ade3]" started-at="2024-03-08T19:44:29Z" name="login" finished-at="2024-03-08T19:44:29Z" duration-ms="5" status="PASS">
          <reporter-output>
          </reporter-output>
        </test-method> <!-- login -->
        <test-method signature="addEmp()[pri:0, instance:testngExamples.Exp_Testng@45d2ade3]" started-at="2024-03-08T19:44:29Z" name="addEmp" finished-at="2024-03-08T19:44:29Z" duration-ms="6" status="PASS">
          <reporter-output>
          </reporter-output>
        </test-method> <!-- addEmp -->
        <test-method signature="delEmp()[pri:0, instance:testngExamples.Exp_Testng@45d2ade3]" started-at="2024-03-08T19:44:29Z" name="delEmp" finished-at="2024-03-08T19:44:29Z" duration-ms="2" status="PASS">
          <reporter-output>
          </reporter-output>
        </test-method> <!-- delEmp -->
        <test-method is-config="true" signature="logout()[pri:0, instance:testngExamples.Exp_Testng@45d2ade3]" started-at="2024-03-08T19:44:29Z" name="logout" finished-at="2024-03-08T19:44:29Z" duration-ms="0" status="PASS">
          <reporter-output>
          </reporter-output>
        </test-method> <!-- logout -->
      </class> <!-- testngExamples.Exp_Testng -->
    </test> <!-- Default test -->
  </suite> <!-- Default suite -->
</testng-results>
